Using pre-set license
Built from '2021.3/staging' branch; Version is '2021.3.20f1 (577897200b8b) revision 5732503'; Using compiler version '192829333'; Build Type 'Release'
OS: 'Windows 10  (10.0.19045) 64bit Professional' Language: 'ko' Physical Memory: 16194 MB
BatchMode: 1, IsHumanControllingUs: 0, StartBugReporterOnCrash: 0, Is64bit: 1, IsPro: 1

COMMAND LINE ARGUMENTS:
C:\Program Files\Unity\Hub\Editor\2021.3.20f1\Editor\Unity.exe
-adb2
-batchMode
-noUpm
-name
AssetImportWorker0
-projectPath
C:/Users/SGA/Desktop/3D/TT
-logFile
Logs/AssetImportWorker0.log
-srvPort
50793
Successfully changed project path to: C:/Users/SGA/Desktop/3D/TT
C:/Users/SGA/Desktop/3D/TT
[UnityMemory] Configuration Parameters - Can be set up in boot.config
    "memorysetup-bucket-allocator-granularity=16"
    "memorysetup-bucket-allocator-bucket-count=8"
    "memorysetup-bucket-allocator-block-size=33554432"
    "memorysetup-bucket-allocator-block-count=8"
    "memorysetup-main-allocator-block-size=16777216"
    "memorysetup-thread-allocator-block-size=16777216"
    "memorysetup-gfx-main-allocator-block-size=16777216"
    "memorysetup-gfx-thread-allocator-block-size=16777216"
    "memorysetup-cache-allocator-block-size=4194304"
    "memorysetup-typetree-allocator-block-size=2097152"
    "memorysetup-profiler-bucket-allocator-granularity=16"
    "memorysetup-profiler-bucket-allocator-bucket-count=8"
    "memorysetup-profiler-bucket-allocator-block-size=33554432"
    "memorysetup-profiler-bucket-allocator-block-count=8"
    "memorysetup-profiler-allocator-block-size=16777216"
    "memorysetup-profiler-editor-allocator-block-size=1048576"
    "memorysetup-temp-allocator-size-main=16777216"
    "memorysetup-job-temp-allocator-block-size=2097152"
    "memorysetup-job-temp-allocator-block-size-background=1048576"
    "memorysetup-job-temp-allocator-reduction-small-platforms=262144"
    "memorysetup-temp-allocator-size-background-worker=32768"
    "memorysetup-temp-allocator-size-job-worker=262144"
    "memorysetup-temp-allocator-size-preload-manager=33554432"
    "memorysetup-temp-allocator-size-nav-mesh-worker=65536"
    "memorysetup-temp-allocator-size-audio-worker=65536"
    "memorysetup-temp-allocator-size-cloud-worker=32768"
    "memorysetup-temp-allocator-size-gi-baking-worker=262144"
    "memorysetup-temp-allocator-size-gfx=262144"
Player connection [9444] Host "[IP] 192.168.0.192 [Port] 0 [Flags] 2 [Guid] 1228639749 [EditorId] 1228639749 [Version] 1048832 [Id] WindowsEditor(7,DESKTOP-HQKDT44) [Debug] 1 [PackageName] WindowsEditor [ProjectName] Editor" joined multi-casting on [225.0.0.222:54997]...

Player connection [9444] Host "[IP] 192.168.0.192 [Port] 0 [Flags] 2 [Guid] 1228639749 [EditorId] 1228639749 [Version] 1048832 [Id] WindowsEditor(7,DESKTOP-HQKDT44) [Debug] 1 [PackageName] WindowsEditor [ProjectName] Editor" joined alternative multi-casting on [225.0.0.222:34997]...

Refreshing native plugins compatible for Editor in 50.15 ms, found 3 plugins.
Preloading 0 native plugins for Editor in 0.00 ms.
Initialize engine version: 2021.3.20f1 (577897200b8b)
[Subsystems] Discovering subsystems at path C:/Program Files/Unity/Hub/Editor/2021.3.20f1/Editor/Data/Resources/UnitySubsystems
[Subsystems] Discovering subsystems at path C:/Users/SGA/Desktop/3D/TT/Assets
GfxDevice: creating device client; threaded=0; jobified=0
Direct3D:
    Version:  Direct3D 11.0 [level 11.1]
    Renderer: NVIDIA GeForce GTX 1650 (ID=0x1f82)
    Vendor:   NVIDIA
    VRAM:     3949 MB
    Driver:   31.0.15.3623
Initialize mono
Mono path[0] = 'C:/Program Files/Unity/Hub/Editor/2021.3.20f1/Editor/Data/Managed'
Mono path[1] = 'C:/Program Files/Unity/Hub/Editor/2021.3.20f1/Editor/Data/MonoBleedingEdge/lib/mono/unityjit-win32'
Mono config path = 'C:/Program Files/Unity/Hub/Editor/2021.3.20f1/Editor/Data/MonoBleedingEdge/etc'
Using monoOptions --debugger-agent=transport=dt_socket,embedding=1,server=y,suspend=n,address=127.0.0.1:56316
Begin MonoManager ReloadAssembly
Registering precompiled unity dll's ...
Register platform support module: C:/Program Files/Unity/Hub/Editor/2021.3.20f1/Editor/Data/PlaybackEngines/AndroidPlayer/UnityEditor.Android.Extensions.dll
Register platform support module: C:/Program Files/Unity/Hub/Editor/2021.3.20f1/Editor/Data/PlaybackEngines/WindowsStandaloneSupport/UnityEditor.WindowsStandalone.Extensions.dll
Registered in 0.004320 seconds.
Native extension for WindowsStandalone target not found
Native extension for Android target not found
Android Extension - Scanning For ADB Devices 151 ms
Refreshing native plugins compatible for Editor in 50.72 ms, found 3 plugins.
Preloading 0 native plugins for Editor in 0.00 ms.
Mono: successfully reloaded assembly
- Completed reload, in  0.592 seconds
Domain Reload Profiling:
	ReloadAssembly (593ms)
		BeginReloadAssembly (58ms)
			ExecutionOrderSort (0ms)
			DisableScriptedObjects (0ms)
			BackupInstance (0ms)
			ReleaseScriptingObjects (0ms)
			CreateAndSetChildDomain (1ms)
		EndReloadAssembly (468ms)
			LoadAssemblies (57ms)
			RebuildTransferFunctionScriptingTraits (0ms)
			SetupTypeCache (74ms)
			ReleaseScriptCaches (0ms)
			RebuildScriptCaches (19ms)
			SetupLoadedEditorAssemblies (339ms)
				LogAssemblyErrors (0ms)
				InitializePlatformSupportModulesInManaged (197ms)
				SetLoadedEditorAssemblies (0ms)
				RefreshPlugins (51ms)
				BeforeProcessingInitializeOnLoad (1ms)
				ProcessInitializeOnLoadAttributes (60ms)
				ProcessInitializeOnLoadMethodAttributes (30ms)
				AfterProcessingInitializeOnLoad (0ms)
				EditorAssembliesLoaded (0ms)
			ExecutionOrderSort2 (0ms)
			AwakeInstancesAfterBackupRestoration (0ms)
Platform modules already initialized, skipping
Registering precompiled user dll's ...
Registered in 0.002979 seconds.
Begin MonoManager ReloadAssembly
Symbol file LoadedFromMemory doesn't match image C:\Users\SGA\Desktop\3D\TT\Library\PackageCache\com.unity.visualscripting@1.8.0\Editor\VisualScripting.Core\Dependencies\YamlDotNet\Unity.VisualScripting.YamlDotNet.dll
Symbol file LoadedFromMemory doesn't match image C:\Users\SGA\Desktop\3D\TT\Library\PackageCache\com.unity.visualscripting@1.8.0\Editor\VisualScripting.Core\Dependencies\DotNetZip\Unity.VisualScripting.IonicZip.dll
Native extension for WindowsStandalone target not found
Native extension for Android target not found
Refreshing native plugins compatible for Editor in 0.39 ms, found 3 plugins.
Preloading 0 native plugins for Editor in 0.00 ms.
Mono: successfully reloaded assembly
- Completed reload, in  0.710 seconds
Domain Reload Profiling:
	ReloadAssembly (711ms)
		BeginReloadAssembly (82ms)
			ExecutionOrderSort (0ms)
			DisableScriptedObjects (4ms)
			BackupInstance (0ms)
			ReleaseScriptingObjects (0ms)
			CreateAndSetChildDomain (14ms)
		EndReloadAssembly (554ms)
			LoadAssemblies (63ms)
			RebuildTransferFunctionScriptingTraits (0ms)
			SetupTypeCache (187ms)
			ReleaseScriptCaches (0ms)
			RebuildScriptCaches (40ms)
			SetupLoadedEditorAssemblies (237ms)
				LogAssemblyErrors (0ms)
				InitializePlatformSupportModulesInManaged (13ms)
				SetLoadedEditorAssemblies (0ms)
				RefreshPlugins (0ms)
				BeforeProcessingInitializeOnLoad (55ms)
				ProcessInitializeOnLoadAttributes (151ms)
				ProcessInitializeOnLoadMethodAttributes (13ms)
				AfterProcessingInitializeOnLoad (4ms)
				EditorAssembliesLoaded (0ms)
			ExecutionOrderSort2 (0ms)
			AwakeInstancesAfterBackupRestoration (4ms)
Platform modules already initialized, skipping
========================================================================
Worker process is ready to serve import requests
Launched and connected shader compiler UnityShaderCompiler.exe after 0.02 seconds
Refreshing native plugins compatible for Editor in 0.35 ms, found 3 plugins.
Preloading 0 native plugins for Editor in 0.00 ms.
Unloading 3047 Unused Serialized files (Serialized files now loaded: 0)
Unloading 24 unused Assets / (113.9 KB). Loaded Objects now: 3526.
Memory consumption went from 124.1 MB to 124.0 MB.
Total: 2.026500 ms (FindLiveObjects: 0.158900 ms CreateObjectMapping: 0.071500 ms MarkObjects: 1.710200 ms  DeleteObjects: 0.085200 ms)

AssetImportParameters requested are different than current active one (requested -> active):
  custom:video-decoder-ogg-theora: a1e56fd34408186e4bbccfd4996cb3dc -> 
  custom:container-muxer-webm: aa71ff27fc2769a1b78a27578f13a17b -> 
  custom:container-demuxer-webm: 4f35f7cbe854078d1ac9338744f61a02 -> 
  custom:video-encoder-webm-vp8: eb34c28f22e8b96e1ab97ce403110664 -> 
  custom:audio-encoder-webm-vorbis: bf7c407c2cedff20999df2af8eb42d56 -> 
  custom:framework-win-MediaFoundation: 216162199b28c13a410421893ffa2e32 -> 
  custom:container-demuxer-ogg: 62fdf1f143b41e24485cea50d1cbac27 -> 
  custom:video-decoder-webm-vp8: 9c59270c3fd7afecdb556c50c9e8de78 -> 
  custom:audio-decoder-ogg-vorbis: bf7c407c2cedff20999df2af8eb42d56 -> 
========================================================================
Received Import Request.
  Time since last request: 5606.454002 seconds.
  path: Assets/New Terrain.asset
  artifactKey: Guid(5f3acf14f628e3b46b460982dbea1bc6) Importer(815301076,1909f56bfc062723c751e8b465ee728b)
Start importing Assets/New Terrain.asset using Guid(5f3acf14f628e3b46b460982dbea1bc6) Importer(815301076,1909f56bfc062723c751e8b465ee728b)  -> (artifact id: 'abe0f4964f3383a779eb274ea325d4ce') in 0.024851 seconds 
========================================================================
Received Import Request.
  Time since last request: 51.244863 seconds.
  path: Assets/heightmap.raw
  artifactKey: Guid(28116615f3b5e4348a10970c40a81d9f) Importer(815301076,1909f56bfc062723c751e8b465ee728b)
Start importing Assets/heightmap.raw using Guid(28116615f3b5e4348a10970c40a81d9f) Importer(815301076,1909f56bfc062723c751e8b465ee728b)  -> (artifact id: '959934140f1d29c47e9031d12492d260') in 0.023790 seconds 
========================================================================
Received Import Request.
  Time since last request: 7.393342 seconds.
  path: Assets/New Terrain 1.asset
  artifactKey: Guid(957de1ef236902d468c407e9d2a47d55) Importer(815301076,1909f56bfc062723c751e8b465ee728b)
Start importing Assets/New Terrain 1.asset using Guid(957de1ef236902d468c407e9d2a47d55) Importer(815301076,1909f56bfc062723c751e8b465ee728b)  -> (artifact id: 'b9f308d266c80305e9e5c6364d8b4223') in 0.009691 seconds 
========================================================================
Received Import Request.
  Time since last request: 9.893740 seconds.
  path: Assets/New Terrain.asset
  artifactKey: Guid(5f3acf14f628e3b46b460982dbea1bc6) Importer(815301076,1909f56bfc062723c751e8b465ee728b)
Start importing Assets/New Terrain.asset using Guid(5f3acf14f628e3b46b460982dbea1bc6) Importer(815301076,1909f56bfc062723c751e8b465ee728b)  -> (artifact id: '7c6388f2ecd2ddc2dfb6f0d20066d518') in 0.002230 seconds 
========================================================================
Received Import Request.
  Time since last request: 34.944864 seconds.
  path: Assets/New Terrain.asset
  artifactKey: Guid(5f3acf14f628e3b46b460982dbea1bc6) Importer(815301076,1909f56bfc062723c751e8b465ee728b)
Start importing Assets/New Terrain.asset using Guid(5f3acf14f628e3b46b460982dbea1bc6) Importer(815301076,1909f56bfc062723c751e8b465ee728b)  -> (artifact id: '21693eda62c767da851cb88419b820c0') in 0.005477 seconds 
========================================================================
Received Import Request.
  Time since last request: 1651.749745 seconds.
  path: Assets/New Terrain.asset
  artifactKey: Guid(5f3acf14f628e3b46b460982dbea1bc6) Importer(815301076,1909f56bfc062723c751e8b465ee728b)
Start importing Assets/New Terrain.asset using Guid(5f3acf14f628e3b46b460982dbea1bc6) Importer(815301076,1909f56bfc062723c751e8b465ee728b)  -> (artifact id: '0e8c37a703fc0647930c80f16852bd95') in 0.021467 seconds 
========================================================================
Received Import Request.
  Time since last request: 247.039901 seconds.
  path: Assets/Adventure_Character
  artifactKey: Guid(9a04dd9caa6aa104abe335ee9370f080) Importer(815301076,1909f56bfc062723c751e8b465ee728b)
Start importing Assets/Adventure_Character using Guid(9a04dd9caa6aa104abe335ee9370f080) Importer(815301076,1909f56bfc062723c751e8b465ee728b)  -> (artifact id: 'd39f59b878ef5859fa8d8708f8677b4a') in 0.007826 seconds 
========================================================================
Received Import Request.
  Time since last request: 1.354985 seconds.
  path: Assets/Adventure_Character/Materials
  artifactKey: Guid(62f5c2ad0fe942f4a81ed83028c4815a) Importer(815301076,1909f56bfc062723c751e8b465ee728b)
Start importing Assets/Adventure_Character/Materials using Guid(62f5c2ad0fe942f4a81ed83028c4815a) Importer(815301076,1909f56bfc062723c751e8b465ee728b)  -> (artifact id: 'fa1855d28e3925e7d09264d647772ecd') in 0.007277 seconds 
========================================================================
Received Import Request.
  Time since last request: 3.080076 seconds.
  path: Assets/Adventure_Character/Prefabs
  artifactKey: Guid(a4767ed5cb0999f44999893699fafe99) Importer(815301076,1909f56bfc062723c751e8b465ee728b)
Start importing Assets/Adventure_Character/Prefabs using Guid(a4767ed5cb0999f44999893699fafe99) Importer(815301076,1909f56bfc062723c751e8b465ee728b)  -> (artifact id: '352ec3d541609af434483a51c0017c65') in 0.007400 seconds 
========================================================================
Received Import Request.
  Time since last request: 0.241558 seconds.
  path: Assets/Adventure_Character/Prefabs/Man_01.prefab
  artifactKey: Guid(ebc4580c7ed532b4cb07171aed640d52) Importer(815301076,1909f56bfc062723c751e8b465ee728b)
Start importing Assets/Adventure_Character/Prefabs/Man_01.prefab using Guid(ebc4580c7ed532b4cb07171aed640d52) Importer(815301076,1909f56bfc062723c751e8b465ee728b)  -> (artifact id: 'ccc4839943a0d0d76ffa0e612add7aa1') in 0.420185 seconds 
========================================================================
Received Import Request.
  Time since last request: 0.000036 seconds.
  path: Assets/Adventure_Character/Prefabs/Man_Full.prefab
  artifactKey: Guid(5358fd1db56fd5f4ebd3a9185f223155) Importer(815301076,1909f56bfc062723c751e8b465ee728b)
Start importing Assets/Adventure_Character/Prefabs/Man_Full.prefab using Guid(5358fd1db56fd5f4ebd3a9185f223155) Importer(815301076,1909f56bfc062723c751e8b465ee728b)  -> (artifact id: '86b44994d806dc58d872af6551b888a5') in 0.162732 seconds 
========================================================================
Received Import Request.
  Time since last request: 0.000038 seconds.
  path: Assets/Adventure_Character/Prefabs/Man_03.prefab
  artifactKey: Guid(da1203547328fdb41974e0b5334e799a) Importer(815301076,1909f56bfc062723c751e8b465ee728b)
Start importing Assets/Adventure_Character/Prefabs/Man_03.prefab using Guid(da1203547328fdb41974e0b5334e799a) Importer(815301076,1909f56bfc062723c751e8b465ee728b)  -> (artifact id: 'f3badff10cdfcb7d078f71abb3062a8b') in 0.119160 seconds 
========================================================================
Received Prepare
Registering precompiled user dll's ...
Registered in 0.002696 seconds.
Begin MonoManager ReloadAssembly
Symbol file LoadedFromMemory doesn't match image C:\Users\SGA\Desktop\3D\TT\Library\PackageCache\com.unity.visualscripting@1.8.0\Editor\VisualScripting.Core\Dependencies\YamlDotNet\Unity.VisualScripting.YamlDotNet.dll
Symbol file LoadedFromMemory doesn't match image C:\Users\SGA\Desktop\3D\TT\Library\PackageCache\com.unity.visualscripting@1.8.0\Editor\VisualScripting.Core\Dependencies\DotNetZip\Unity.VisualScripting.IonicZip.dll
Native extension for WindowsStandalone target not found
Native extension for Android target not found
Refreshing native plugins compatible for Editor in 0.41 ms, found 3 plugins.
Preloading 0 native plugins for Editor in 0.00 ms.
Mono: successfully reloaded assembly
- Completed reload, in  0.703 seconds
Domain Reload Profiling:
	ReloadAssembly (704ms)
		BeginReloadAssembly (111ms)
			ExecutionOrderSort (0ms)
			DisableScriptedObjects (3ms)
			BackupInstance (0ms)
			ReleaseScriptingObjects (0ms)
			CreateAndSetChildDomain (31ms)
		EndReloadAssembly (529ms)
			LoadAssemblies (65ms)
			RebuildTransferFunctionScriptingTraits (0ms)
			SetupTypeCache (177ms)
			ReleaseScriptCaches (1ms)
			RebuildScriptCaches (30ms)
			SetupLoadedEditorAssemblies (226ms)
				LogAssemblyErrors (0ms)
				InitializePlatformSupportModulesInManaged (14ms)
				SetLoadedEditorAssemblies (0ms)
				RefreshPlugins (0ms)
				BeforeProcessingInitializeOnLoad (45ms)
				ProcessInitializeOnLoadAttributes (147ms)
				ProcessInitializeOnLoadMethodAttributes (15ms)
				AfterProcessingInitializeOnLoad (5ms)
				EditorAssembliesLoaded (0ms)
			ExecutionOrderSort2 (0ms)
			AwakeInstancesAfterBackupRestoration (5ms)
Platform modules already initialized, skipping
Refreshing native plugins compatible for Editor in 1.16 ms, found 3 plugins.
Preloading 0 native plugins for Editor in 0.00 ms.
Unloading 3042 Unused Serialized files (Serialized files now loaded: 0)
Unloading 17 unused Assets / (80.5 KB). Loaded Objects now: 3538.
Memory consumption went from 141.1 MB to 141.0 MB.
Total: 2.551900 ms (FindLiveObjects: 0.180900 ms CreateObjectMapping: 0.075500 ms MarkObjects: 2.204300 ms  DeleteObjects: 0.090300 ms)

AssetImportParameters requested are different than current active one (requested -> active):
  custom:video-decoder-ogg-theora: a1e56fd34408186e4bbccfd4996cb3dc -> 
  custom:container-muxer-webm: aa71ff27fc2769a1b78a27578f13a17b -> 
  custom:container-demuxer-webm: 4f35f7cbe854078d1ac9338744f61a02 -> 
  custom:video-encoder-webm-vp8: eb34c28f22e8b96e1ab97ce403110664 -> 
  custom:audio-encoder-webm-vorbis: bf7c407c2cedff20999df2af8eb42d56 -> 
  custom:framework-win-MediaFoundation: 216162199b28c13a410421893ffa2e32 -> 
  custom:container-demuxer-ogg: 62fdf1f143b41e24485cea50d1cbac27 -> 
  custom:video-decoder-webm-vp8: 9c59270c3fd7afecdb556c50c9e8de78 -> 
  custom:audio-decoder-ogg-vorbis: bf7c407c2cedff20999df2af8eb42d56 -> 
========================================================================
Received Prepare
Registering precompiled user dll's ...
Registered in 0.002637 seconds.
Begin MonoManager ReloadAssembly
Symbol file LoadedFromMemory doesn't match image C:\Users\SGA\Desktop\3D\TT\Library\PackageCache\com.unity.visualscripting@1.8.0\Editor\VisualScripting.Core\Dependencies\YamlDotNet\Unity.VisualScripting.YamlDotNet.dll
Symbol file LoadedFromMemory doesn't match image C:\Users\SGA\Desktop\3D\TT\Library\PackageCache\com.unity.visualscripting@1.8.0\Editor\VisualScripting.Core\Dependencies\DotNetZip\Unity.VisualScripting.IonicZip.dll
Native extension for WindowsStandalone target not found
Native extension for Android target not found
Refreshing native plugins compatible for Editor in 0.39 ms, found 3 plugins.
Preloading 0 native plugins for Editor in 0.00 ms.
Mono: successfully reloaded assembly
- Completed reload, in  0.661 seconds
Domain Reload Profiling:
	ReloadAssembly (662ms)
		BeginReloadAssembly (99ms)
			ExecutionOrderSort (0ms)
			DisableScriptedObjects (4ms)
			BackupInstance (0ms)
			ReleaseScriptingObjects (0ms)
			CreateAndSetChildDomain (24ms)
		EndReloadAssembly (499ms)
			LoadAssemblies (60ms)
			RebuildTransferFunctionScriptingTraits (0ms)
			SetupTypeCache (171ms)
			ReleaseScriptCaches (1ms)
			RebuildScriptCaches (31ms)
			SetupLoadedEditorAssemblies (210ms)
				LogAssemblyErrors (0ms)
				InitializePlatformSupportModulesInManaged (13ms)
				SetLoadedEditorAssemblies (0ms)
				RefreshPlugins (0ms)
				BeforeProcessingInitializeOnLoad (41ms)
				ProcessInitializeOnLoadAttributes (135ms)
				ProcessInitializeOnLoadMethodAttributes (15ms)
				AfterProcessingInitializeOnLoad (5ms)
				EditorAssembliesLoaded (0ms)
			ExecutionOrderSort2 (0ms)
			AwakeInstancesAfterBackupRestoration (4ms)
Platform modules already initialized, skipping
Refreshing native plugins compatible for Editor in 1.04 ms, found 3 plugins.
Preloading 0 native plugins for Editor in 0.00 ms.
Unloading 3042 Unused Serialized files (Serialized files now loaded: 0)
Unloading 17 unused Assets / (80.4 KB). Loaded Objects now: 3541.
Memory consumption went from 141.1 MB to 141.0 MB.
Total: 1.994100 ms (FindLiveObjects: 0.166200 ms CreateObjectMapping: 0.070700 ms MarkObjects: 1.681300 ms  DeleteObjects: 0.075100 ms)

AssetImportParameters requested are different than current active one (requested -> active):
  custom:video-decoder-ogg-theora: a1e56fd34408186e4bbccfd4996cb3dc -> 
  custom:container-muxer-webm: aa71ff27fc2769a1b78a27578f13a17b -> 
  custom:container-demuxer-webm: 4f35f7cbe854078d1ac9338744f61a02 -> 
  custom:video-encoder-webm-vp8: eb34c28f22e8b96e1ab97ce403110664 -> 
  custom:audio-encoder-webm-vorbis: bf7c407c2cedff20999df2af8eb42d56 -> 
  custom:framework-win-MediaFoundation: 216162199b28c13a410421893ffa2e32 -> 
  custom:container-demuxer-ogg: 62fdf1f143b41e24485cea50d1cbac27 -> 
  custom:video-decoder-webm-vp8: 9c59270c3fd7afecdb556c50c9e8de78 -> 
  custom:audio-decoder-ogg-vorbis: bf7c407c2cedff20999df2af8eb42d56 -> 
========================================================================
Received Import Request.
  Time since last request: 364.573799 seconds.
  path: Assets/Adventure_Character/Mesh/Stand.obj
  artifactKey: Guid(3c301751d216fda459821781864ff346) Importer(815301076,1909f56bfc062723c751e8b465ee728b)
Start importing Assets/Adventure_Character/Mesh/Stand.obj using Guid(3c301751d216fda459821781864ff346) Importer(815301076,1909f56bfc062723c751e8b465ee728b)  -> (artifact id: '8db310bdd83b70e3ace1d2e8e89205f2') in 0.249982 seconds 
========================================================================
Received Import Request.
  Time since last request: 2.019479 seconds.
  path: Assets/Adventure_Character/Materials/Man_Cloth_Down_01.mat
  artifactKey: Guid(3de4d0b74e6a35c4eb1d6331940920e3) Importer(815301076,1909f56bfc062723c751e8b465ee728b)
Start importing Assets/Adventure_Character/Materials/Man_Cloth_Down_01.mat using Guid(3de4d0b74e6a35c4eb1d6331940920e3) Importer(815301076,1909f56bfc062723c751e8b465ee728b)  -> (artifact id: '97c6619c10e3cb9597ac2b5781f92efb') in 0.068825 seconds 
========================================================================
Received Import Request.
  Time since last request: 0.000028 seconds.
  path: Assets/Adventure_Character/Materials/Man_Cloth_Up_02.mat
  artifactKey: Guid(1fa5b2a9d37f61244aefcdac8092f401) Importer(815301076,1909f56bfc062723c751e8b465ee728b)
Start importing Assets/Adventure_Character/Materials/Man_Cloth_Up_02.mat using Guid(1fa5b2a9d37f61244aefcdac8092f401) Importer(815301076,1909f56bfc062723c751e8b465ee728b)  -> (artifact id: 'd178c34f1c70cf5d472e23d69f0f19b7') in 0.054031 seconds 
========================================================================
Received Import Request.
  Time since last request: 0.000034 seconds.
  path: Assets/Adventure_Character/Materials/Man_Cloth_Up_03.mat
  artifactKey: Guid(d8545fb76914297488e63ac18a80c3a2) Importer(815301076,1909f56bfc062723c751e8b465ee728b)
Start importing Assets/Adventure_Character/Materials/Man_Cloth_Up_03.mat using Guid(d8545fb76914297488e63ac18a80c3a2) Importer(815301076,1909f56bfc062723c751e8b465ee728b)  -> (artifact id: '7b3715a4c7bb499798867b38793af66a') in 0.145010 seconds 
========================================================================
Received Import Request.
  Time since last request: 0.000021 seconds.
  path: Assets/Adventure_Character/Materials/Man_Cloth_Down_03.mat
  artifactKey: Guid(a3c5be1a8d065a44ba4ad43c3c18b64e) Importer(815301076,1909f56bfc062723c751e8b465ee728b)
Start importing Assets/Adventure_Character/Materials/Man_Cloth_Down_03.mat using Guid(a3c5be1a8d065a44ba4ad43c3c18b64e) Importer(815301076,1909f56bfc062723c751e8b465ee728b)  -> (artifact id: '19dc1c7ba6ecd4be833c78b8f81922dd') in 0.076202 seconds 
========================================================================
Received Import Request.
  Time since last request: 4.033363 seconds.
  path: Assets/Adventure_Character/Textures/Man_Body_Ao.tga
  artifactKey: Guid(d5db1c8cea8400c4bb5b207f289ca945) Importer(815301076,1909f56bfc062723c751e8b465ee728b)
Start importing Assets/Adventure_Character/Textures/Man_Body_Ao.tga using Guid(d5db1c8cea8400c4bb5b207f289ca945) Importer(815301076,1909f56bfc062723c751e8b465ee728b)  -> (artifact id: 'fd4d80a16509ccbf773218a2083c5c96') in 0.035285 seconds 
========================================================================
Received Import Request.
  Time since last request: 0.000017 seconds.
  path: Assets/Adventure_Character/Textures/Man_Cloth_Up_Metallic.tga
  artifactKey: Guid(7fa7c458a909d1f41b606a06bbf8987f) Importer(815301076,1909f56bfc062723c751e8b465ee728b)
Start importing Assets/Adventure_Character/Textures/Man_Cloth_Up_Metallic.tga using Guid(7fa7c458a909d1f41b606a06bbf8987f) Importer(815301076,1909f56bfc062723c751e8b465ee728b)  -> (artifact id: '44c71b01fff3a6f63bac9e6d434285bc') in 0.022977 seconds 
========================================================================
Received Import Request.
  Time since last request: 0.000025 seconds.
  path: Assets/Adventure_Character/Textures/Man_Cloth_Down_Albedo_03.tga
  artifactKey: Guid(71aeb812376f4044b868498af0c5a09e) Importer(815301076,1909f56bfc062723c751e8b465ee728b)
Start importing Assets/Adventure_Character/Textures/Man_Cloth_Down_Albedo_03.tga using Guid(71aeb812376f4044b868498af0c5a09e) Importer(815301076,1909f56bfc062723c751e8b465ee728b)  -> (artifact id: '10ad4a0f858c2d7561dde58fdabcc8d8') in 0.016788 seconds 
========================================================================
Received Import Request.
  Time since last request: 0.000027 seconds.
  path: Assets/Adventure_Character/Textures/Man_Cloth_Down_Albedo_01.tga
  artifactKey: Guid(cf214826ff270a248b58074124311876) Importer(815301076,1909f56bfc062723c751e8b465ee728b)
Start importing Assets/Adventure_Character/Textures/Man_Cloth_Down_Albedo_01.tga using Guid(cf214826ff270a248b58074124311876) Importer(815301076,1909f56bfc062723c751e8b465ee728b)  -> (artifact id: '01b5a353fff079e8c7f590388201935c') in 0.024402 seconds 
========================================================================
Received Import Request.
  Time since last request: 0.000027 seconds.
  path: Assets/Adventure_Character/Textures/Man_Cloth_Up_Ao.tga
  artifactKey: Guid(eded4b4cdcba5c444b98bc1734e3f36b) Importer(815301076,1909f56bfc062723c751e8b465ee728b)
Start importing Assets/Adventure_Character/Textures/Man_Cloth_Up_Ao.tga using Guid(eded4b4cdcba5c444b98bc1734e3f36b) Importer(815301076,1909f56bfc062723c751e8b465ee728b)  -> (artifact id: 'ca6a14efa173a3632e4e7c6dbb30be1e') in 0.022139 seconds 
========================================================================
Received Import Request.
  Time since last request: 0.000025 seconds.
  path: Assets/Adventure_Character/Textures/Man_Cloth_Down_Metallic.tga
  artifactKey: Guid(fbb02d1059395f94ca8cdb1d9cc8b9d3) Importer(815301076,1909f56bfc062723c751e8b465ee728b)
Start importing Assets/Adventure_Character/Textures/Man_Cloth_Down_Metallic.tga using Guid(fbb02d1059395f94ca8cdb1d9cc8b9d3) Importer(815301076,1909f56bfc062723c751e8b465ee728b)  -> (artifact id: '08792486b8eaa681381fb9af9ef0b5c6') in 0.024907 seconds 
========================================================================
Received Import Request.
  Time since last request: 0.000023 seconds.
  path: Assets/Adventure_Character/Textures/Man_Cloth_Down_Ao.tga
  artifactKey: Guid(edd22e070a7d8cd439892d92f4878181) Importer(815301076,1909f56bfc062723c751e8b465ee728b)
Start importing Assets/Adventure_Character/Textures/Man_Cloth_Down_Ao.tga using Guid(edd22e070a7d8cd439892d92f4878181) Importer(815301076,1909f56bfc062723c751e8b465ee728b)  -> (artifact id: '0f645ff7887f0d56a40272f54a24444c') in 0.018300 seconds 
========================================================================
Received Import Request.
  Time since last request: 6638.564840 seconds.
  path: Assets/New Terrain.asset
  artifactKey: Guid(5f3acf14f628e3b46b460982dbea1bc6) Importer(815301076,1909f56bfc062723c751e8b465ee728b)
Start importing Assets/New Terrain.asset using Guid(5f3acf14f628e3b46b460982dbea1bc6) Importer(815301076,1909f56bfc062723c751e8b465ee728b)  -> (artifact id: '8c5181bbc02ab80b889a8709de506669') in 0.025352 seconds 
